# SUSY Les Houches Accord 2.beta - MSSM spectrum + Decays
# SPheno v3beta44
# W. Porod, Comput. Phys. Commun. 153 (2003) 275-315, hep-ph/0301101
# in case of problems send email to porod@physik.uni-wuerzburg.de
# Created: 27.01.2010,  13:10
Block SPINFO         # Program information
     1   SPheno      # spectrum calculator
     2   v3beta44    # version number
#
Block SPhenoINFO     # SPheno specific information
    1      2         # using 2-loop RGEs
    2      1         # using running masses for boundary conditions at mZ
Block MODSEL  # Model selection
    1    1    # mSUGRA model
Block MINPAR  # Input parameters
    1    1.00000000E+02  # m0      
    2    2.50000000E+02  # m12     
    3    1.03753042E+01  # tanb at m_Z   
    4    1.00000000E+00  # cos(phase_mu)
    5   -1.00000000E+02  # A0
#
Block gauge Q=  2.44734760E+16  # (GUT scale)
   1    7.21079233E-01  # g'(Q)^DRbar
   2    7.21079233E-01  # g(Q)^DRbar
   3    7.09132197E-01  # g3(Q)^DRbar
Block SMINPUTS  # SM parameters
         1     1.27931390E+02  # alpha_em^-1(MZ)^MSbar
         2     1.16639000E-05  # G_mu [GeV^-2]
         3     1.19000000E-01  # alpha_s(MZ)^MSbar
         4     9.11876000E+01  # m_Z(pole)
         5     4.20000000E+00  # m_b(m_b), MSbar
         6     1.72900000E+02  # m_t(pole)
         7     1.77700000E+00  # m_tau(pole)
Block gauge Q=  1.00000000E+03  # (SUSY scale)
   1    3.63558723E-01  # g'(Q)^DRbar
   2    6.48008465E-01  # g(Q)^DRbar
   3    1.08420411E+00  # g3(Q)^DRbar
Block Yu Q=  1.00000000E+03  # (SUSY scale)
  1  1     8.45240368E-06   # Y_u(Q)^DRbar
  2  2     3.38096209E-03   # Y_c(Q)^DRbar
  3  3     8.69011384E-01   # Y_t(Q)^DRbar
Block Yd Q=  1.00000000E+03  # (SUSY scale)
  1  1     1.87526166E-04   # Y_d(Q)^DRbar
  2  2     3.21473468E-03   # Y_s(Q)^DRbar
  3  3     1.36243541E-01   # Y_b(Q)^DRbar
Block Ye Q=  1.00000000E+03  # (SUSY scale)
  1  1     2.97376686E-05   # Y_e(Q)^DRbar
  2  2     6.14878832E-03   # Y_mu(Q)^DRbar
  3  3     1.03435694E-01   # Y_tau(Q)^DRbar
Block Au Q=  1.00000000E+03  # (SUSY scale)
  1  1    -6.62152869E+02   # A_u(Q)^DRbar
  2  2    -6.62149555E+02   # A_c(Q)^DRbar
  3  3    -4.94379793E+02   # A_t(Q)^DRbar
Block Ad Q=  1.00000000E+03  # (SUSY scale)
  1  1    -8.26954723E+02   # A_d(Q)^DRbar
  2  2    -8.26951548E+02   # A_s(Q)^DRbar
  3  3    -7.68002253E+02   # A_b(Q)^DRbar
Block Ae Q=  1.00000000E+03  # (SUSY scale)
  1  1    -2.51024587E+02   # A_e(Q)^DRbar
  2  2    -2.51018278E+02   # A_mu(Q)^DRbar
  3  3    -2.49239404E+02   # A_tau(Q)^DRbar
Block MSOFT Q=  1.00000000E+03  # soft SUSY breaking masses at Q
   1    1.03009431E+02  # M_1
   2    1.92799497E+02  # M_2
   3    5.71240949E+02  # M_3
  21    3.24570532E+04  # M^2_(H,d)
  22   -1.14490580E+05  # M^2_(H,u)
  31    1.94385153E+02  # M_(L,11)
  32    1.94382125E+02  # M_(L,22)
  33    1.93529593E+02  # M_(L,33)
  34    1.35773450E+02  # M_(E,11)
  35    1.35764644E+02  # M_(E,22)
  36    1.33266493E+02  # M_(E,33)
  41    5.30027343E+02  # M_(Q,11)
  42    5.30025694E+02  # M_(Q,22)
  43    4.83928753E+02  # M_(Q,33)
  44    5.11686672E+02  # M_(U,11)
  45    5.11685011E+02  # M_(U,22)
  46    4.11386927E+02  # M_(U,33)
  47    5.09519331E+02  # M_(D,11)
  48    5.09517529E+02  # M_(D,22)
  49    5.06449132E+02  # M_(D,33)
Block MASS  # Mass spectrum
#   PDG code      mass          particle
         4     1.20000000E+00  # m_c(m_c), MSbar
         5     4.20000000E+00  # m_b(m_b), MSbar
         6     1.72900000E+02  # m_t(pole)
        23     9.11876000E+01  # m_Z(pole)
        24     8.03921300E+01  # W+
        15     1.77700000E+00  # m_tau(pole)
        25     1.09858339E+02  # h0
        35     3.97604285E+02  # H0
        36     3.97236622E+02  # A0
        37     4.05736398E+02  # H+
   1000001     5.74013394E+02  # ~d_L
   2000001     5.51043147E+02  # ~d_R
   1000002     5.68603616E+02  # ~u_L
   2000002     5.51329736E+02  # ~u_R
   1000003     5.74013785E+02  # ~s_L
   2000003     5.51038690E+02  # ~s_R
   1000004     5.68612072E+02  # ~c_L
   2000004     5.51317946E+02  # ~c_R
   1000005     5.18535983E+02  # ~b_1
   2000005     5.50771680E+02  # ~b_2
   1000006     4.01575896E+02  # ~t_1
   2000006     5.90990462E+02  # ~t_2
   1000011     2.02599981E+02  # ~e_L-
   2000011     1.44097520E+02  # ~e_R-
   1000012     1.86350626E+02  # ~nu_eL
   1000013     2.02617191E+02  # ~mu_L-
   2000013     1.44059689E+02  # ~mu_R-
   1000014     1.86347081E+02  # ~nu_muL
   1000015     1.33932776E+02  # ~tau_1-
   2000015     2.06796188E+02  # ~tau_2-
   1000016     1.85346565E+02  # ~nu_tauL
   1000021     6.07485383E+02  # ~g
   1000022     9.70923831E+01  # ~chi_10
   1000023     1.80801830E+02  # ~chi_20
   1000025    -3.62535193E+02  # ~chi_30
   1000035     3.79958732E+02  # ~chi_40
   1000024     1.80399578E+02  # ~chi_1+
   1000037     3.81031480E+02  # ~chi_2+
# Higgs mixing
Block alpha # Effective Higgs mixing angle
          -1.11175463E-01   # alpha
Block Hmix Q=  1.00000000E+03  # Higgs mixing parameters
   1    3.56875741E+02  # mu
   2    1.00000000E+01  # tan[beta](Q)
   3    2.43245606E+02  # v(Q)
   4    1.28972248E+05  # m^2_A(Q)
Block stopmix  # stop mixing matrix
   1  1     5.59652186E-01   # R_st(1,1)
   1  2     8.28727597E-01   # R_st(1,2)
   2  1    -8.28727597E-01   # R_st(2,1)
   2  2     5.59652186E-01   # R_st(2,2)
Block sbotmix  # sbottom mixing matrix
   1  1     9.20745206E-01   # R_sb(1,1)
   1  2     3.90164408E-01   # R_sb(1,2)
   2  1    -3.90164408E-01   # R_sb(2,1)
   2  2     9.20745206E-01   # R_sb(2,2)
Block staumix  # stau mixing matrix
   1  1     2.94347670E-01   # R_sta(1,1)
   1  2     9.55698409E-01   # R_sta(1,2)
   2  1    -9.55698409E-01   # R_sta(2,1)
   2  2     2.94347670E-01   # R_sta(2,2)
Block Nmix  # neutralino/neutrino mixing matrix
   1  1    -9.85330294E-01   # N(1,1)  
   1  2     5.94464489E-02   # N(1,2)  
   1  3    -1.50054525E-01   # N(1,3)  
   1  4     5.54434000E-02   # N(1,4)  
   2  1    -1.06942735E-01   # N(2,1)  
   2  2    -9.44016112E-01   # N(2,2)  
   2  3     2.71177619E-01   # N(2,3)  
   2  4    -1.54465307E-01   # N(2,4)  
   3  1    -6.04828144E-02   # N(3,1)  
   3  2     9.03925001E-02   # N(3,2)  
   3  3     6.95424868E-01   # N(3,3)  
   3  4     7.10320546E-01   # N(3,4)  
   4  1    -1.18445313E-01   # N(4,1)  
   4  2     3.11655091E-01   # N(4,2)  
   4  3     6.48329076E-01   # N(4,3)  
   4  4    -6.84478795E-01   # N(4,4)  
Block Umix  # chargino U mixing matrix
   1  1    -9.14089127E-01   # U(1,1)
   1  2     4.05513338E-01   # U(1,2)
   2  1     4.05513338E-01   # U(2,1)
   2  2     9.14089127E-01   # U(2,2)
Block Vmix  # chargino V mixing matrix
   1  1    -9.72143160E-01   # V(1,1)
   1  2     2.34387876E-01   # V(1,2)
   2  1     2.34387876E-01   # V(2,1)
   2  2     9.72143160E-01   # V(2,2)
DECAY   2000011     2.19337211E-01   # ~e_R-
#    BR                NDA      ID1      ID2
     1.00000000E+00    2     1000022        11   # BR(~e_R- -> chi_10 e-)
DECAY   1000011     2.18283150E-01   # ~e_L-
#    BR                NDA      ID1      ID2
     5.59984094E-01    2     1000022        11   # BR(~e_L- -> chi_10 e-)
     1.62013560E-01    2     1000023        11   # BR(~e_L- -> chi_20 e-)
     2.78002346E-01    2    -1000024        12   # BR(~e_L- -> chi_1- nu_e)
DECAY   2000013     2.19028689E-01   # ~mu_R-
#    BR                NDA      ID1      ID2
     1.00000000E+00    2     1000022        13   # BR(~mu_R- -> chi_10 mu-)
DECAY   1000013     2.18560365E-01   # ~mu_L-
#    BR                NDA      ID1      ID2
     5.60192365E-01    2     1000022        13   # BR(~mu_L- -> chi_10 mu-)
     1.61939015E-01    2     1000023        13   # BR(~mu_L- -> chi_20 mu-)
     2.77868621E-01    2    -1000024        14   # BR(~mu_L- -> chi_1- nu_mu)
DECAY   1000015     1.45882655E-01   # ~tau_1-
#    BR                NDA      ID1      ID2
     1.00000000E+00    2     1000022        15   # BR(~tau_1- -> chi_10 tau-)
DECAY   2000015     2.79531781E-01   # ~tau_2-
#    BR                NDA      ID1      ID2
     5.90995115E-01    2     1000022        15   # BR(~tau_2- -> chi_10 tau-)
     1.51220907E-01    2     1000023        15   # BR(~tau_2- -> chi_20 tau-)
     2.57783978E-01    2    -1000024        16   # BR(~tau_2- -> chi_1- nu_tau)
DECAY   1000012     1.62773681E-01   # ~nu_eL
#    BR                NDA      ID1      ID2
     9.51435514E-01    2     1000022        12   # BR(~nu_eL -> chi_10 nu_e)
     1.28616380E-02    2     1000023        12   # BR(~nu_eL -> chi_20 nu_e)
     3.57028485E-02    2     1000024        11   # BR(~nu_eL -> chi_1+ e-)
DECAY   1000014     1.62755389E-01   # ~nu_muL
#    BR                NDA      ID1      ID2
     9.51497367E-01    2     1000022        14   # BR(~nu_muL -> chi_10 nu_mu)
     1.28471388E-02    2     1000023        14   # BR(~nu_muL -> chi_20 nu_mu)
     3.56554942E-02    2     1000024        13   # BR(~nu_muL -> chi_1+ mu-)
DECAY   1000016     1.57828905E-01   # ~nu_tauL
#    BR                NDA      ID1      ID2
     9.68071729E-01    2     1000022        16   # BR(~nu_tauL -> chi_10 nu_tau)
     8.99443623E-03    2     1000023        16   # BR(~nu_tauL -> chi_20 nu_tau)
     2.29338348E-02    2     1000024        15   # BR(~nu_tauL -> chi_1+ tau-)
DECAY   2000001     2.98066604E-01   # ~d_R
#    BR                NDA      ID1      ID2
     9.84712683E-01    2     1000022         1   # BR(~d_R -> chi_10 d)
     9.84059850E-03    2     1000023         1   # BR(~d_R -> chi_20 d)
     1.27129893E-03    2     1000025         1   # BR(~d_R -> chi_30 d)
     4.17015613E-03    2     1000035         1   # BR(~d_R -> chi_40 d)
DECAY   1000001     5.38980335E+00   # ~d_L
#    BR                NDA      ID1      ID2
     2.49325505E-02    2     1000022         1   # BR(~d_L -> chi_10 d)
     3.08187855E-01    2     1000023         1   # BR(~d_L -> chi_20 d)
     1.66261575E-03    2     1000025         1   # BR(~d_L -> chi_30 d)
     1.56469893E-02    2     1000035         1   # BR(~d_L -> chi_40 d)
     6.03793367E-01    2    -1000024         2   # BR(~d_L -> chi_1- u)
     4.57766228E-02    2    -1000037         2   # BR(~d_L -> chi_2- u)
DECAY   2000003     2.98769977E-01   # ~s_R
#    BR                NDA      ID1      ID2
     9.82429628E-01    2     1000022         3   # BR(~s_R -> chi_10 s)
     1.05740849E-02    2     1000023         3   # BR(~s_R -> chi_20 s)
     1.29916032E-03    2     1000025         3   # BR(~s_R -> chi_30 s)
     4.15432998E-03    2     1000035         3   # BR(~s_R -> chi_40 s)
     1.54191405E-03    2    -1000024         4   # BR(~s_R -> chi_1- c)
DECAY   1000003     5.38921672E+00   # ~s_L
#    BR                NDA      ID1      ID2
     2.49335944E-02    2     1000022         3   # BR(~s_L -> chi_10 s)
     3.08179569E-01    2     1000023         3   # BR(~s_L -> chi_20 s)
     1.66833626E-03    2     1000025         3   # BR(~s_L -> chi_30 s)
     1.56551497E-02    2     1000035         3   # BR(~s_L -> chi_40 s)
     6.03764403E-01    2    -1000024         4   # BR(~s_L -> chi_1- c)
     4.57989480E-02    2    -1000037         4   # BR(~s_L -> chi_2- c)
DECAY   1000005     3.82378429E+00   # ~b_1
#    BR                NDA      ID1      ID2
     4.87088399E-02    2     1000022         5   # BR(~b_1 -> chi_10 b)
     3.41352021E-01    2     1000023         5   # BR(~b_1 -> chi_20 b)
     4.88626942E-03    2     1000025         5   # BR(~b_1 -> chi_30 b)
     9.88858347E-03    2     1000035         5   # BR(~b_1 -> chi_40 b)
     4.43192289E-01    2    -1000024         6   # BR(~b_1 -> chi_1- t)
     1.51971997E-01    2     1000006       -24   # BR(~b_1 -> ~t_1 W-)
DECAY   2000005     1.02623647E+00   # ~b_2
#    BR                NDA      ID1      ID2
     2.24421399E-01    2     1000022         5   # BR(~b_2 -> chi_10 b)
     1.54167024E-01    2     1000023         5   # BR(~b_2 -> chi_20 b)
     4.49182272E-02    2     1000025         5   # BR(~b_2 -> chi_30 b)
     6.74492981E-02    2     1000035         5   # BR(~b_2 -> chi_40 b)
     2.04133510E-01    2    -1000024         6   # BR(~b_2 -> chi_1- t)
     3.04910541E-01    2     1000006       -24   # BR(~b_2 -> ~t_1 W-)
DECAY   2000002     1.19296982E+00   # ~u_R
#    BR                NDA      ID1      ID2
     9.84709329E-01    2     1000022         2   # BR(~u_R -> chi_10 u)
     9.83979290E-03    2     1000023         2   # BR(~u_R -> chi_20 u)
     1.27312198E-03    2     1000025         2   # BR(~u_R -> chi_30 u)
     4.17774506E-03    2     1000035         2   # BR(~u_R -> chi_40 u)
DECAY   1000002     5.59458914E+00   # ~u_L
#    BR                NDA      ID1      ID2
     6.23437703E-03    2     1000022         2   # BR(~u_L -> chi_10 u)
     3.18776345E-01    2     1000023         2   # BR(~u_L -> chi_20 u)
     9.35114884E-04    2     1000025         2   # BR(~u_L -> chi_30 u)
     1.08992379E-02    2     1000035         2   # BR(~u_L -> chi_40 u)
     6.48996482E-01    2     1000024         1   # BR(~u_L -> chi_1+ d)
     1.41584427E-02    2     1000037         1   # BR(~u_L -> chi_2+ d)
DECAY   2000004     1.19539368E+00   # ~c_R
#    BR                NDA      ID1      ID2
     9.82206881E-01    2     1000022         4   # BR(~c_R -> chi_10 c)
     1.06404255E-02    2     1000023         4   # BR(~c_R -> chi_20 c)
     1.30927931E-03    2     1000025         4   # BR(~c_R -> chi_30 c)
     4.15615480E-03    2     1000035         4   # BR(~c_R -> chi_40 c)
     1.68716279E-03    2     1000024         3   # BR(~c_R -> chi_1+ s)
DECAY   1000004     5.59229509E+00   # ~c_L
#    BR                NDA      ID1      ID2
     6.34153032E-03    2     1000022         4   # BR(~c_L -> chi_10 c)
     3.18726843E-01    2     1000023         4   # BR(~c_L -> chi_20 c)
     9.35304696E-04    2     1000025         4   # BR(~c_L -> chi_30 c)
     1.09163024E-02    2     1000035         4   # BR(~c_L -> chi_40 c)
     6.48902701E-01    2     1000024         3   # BR(~c_L -> chi_1+ s)
     1.41773181E-02    2     1000037         3   # BR(~c_L -> chi_2+ s)
DECAY   1000006     2.09522800E+00   # ~t_1
#    BR                NDA      ID1      ID2
     1.94685376E-01    2     1000022         6   # BR(~t_1 -> chi_10 t)
     1.21691481E-01    2     1000023         6   # BR(~t_1 -> chi_20 t)
     6.61490379E-01    2     1000024         5   # BR(~t_1 -> chi_1+ b)
     1.35691404E-02    2     1000037         5   # BR(~t_1 -> chi_2+ b)
     1.95594303E-04    2     1000022         4   # BR(~t_1 -> chi_10 c)
     8.36362487E-03    2     1000023         4   # BR(~t_1 -> chi_20 c)
DECAY   2000006     7.69046278E+00   # ~t_2
#    BR                NDA      ID1      ID2
     3.03470620E-02    2     1000022         6   # BR(~t_2 -> chi_10 t)
     8.57352417E-02    2     1000023         6   # BR(~t_2 -> chi_20 t)
     4.58652268E-02    2     1000025         6   # BR(~t_2 -> chi_30 t)
     2.04076344E-01    2     1000035         6   # BR(~t_2 -> chi_40 t)
     2.11733971E-01    2     1000024         5   # BR(~t_2 -> chi_1+ b)
     1.93595286E-01    2     1000037         5   # BR(~t_2 -> chi_2+ b)
     1.97703413E-01    2     1000006        23   # BR(~t_2 -> ~t_1 Z)
     3.09434549E-02    2     1000006        25   # BR(~t_2 -> ~t_1 h0)
DECAY   1000024     1.75732019E-02   # chi_1+
#    BR                NDA      ID1      ID2
     2.88929701E-03    2    -2000013        14   # BR(chi_1+ -> ~mu_R+ nu_mu)
     9.45836403E-01    2    -1000015        16   # BR(chi_1+ -> ~tau_1+ nu_tau)
     4.45758615E-02    2     1000022        24   # BR(chi_1+ -> chi_10 W+)
#    BR                NDA      ID1      ID2       ID3
     2.22257671E-03    3     1000022       -11        12   # BR(chi_1+ -> chi_10 e+ nu_e)
     2.22260240E-03    3     1000022       -13        14   # BR(chi_1+ -> chi_10 mu+ nu_mu)
     2.24984683E-03    3     1000022       -15        16   # BR(chi_1+ -> chi_10 tau+ nu_tau)
DECAY   1000037     2.57775657E+00   # chi_2+
#    BR                NDA      ID1      ID2
     5.22357408E-02    2    -1000011        12   # BR(chi_2+ -> ~e_L+ nu_e)
     5.22526048E-02    2    -1000013        14   # BR(chi_2+ -> ~mu_L+ nu_mu)
     1.91267323E-04    2    -1000015        16   # BR(chi_2+ -> ~tau_1+ nu_tau)
     5.69439617E-02    2    -2000015        16   # BR(chi_2+ -> ~tau_2+ nu_tau)
     1.96338328E-02    2     1000012       -11   # BR(chi_2+ -> ~nu_eL e+)
     1.96601282E-02    2     1000014       -13   # BR(chi_2+ -> ~nu_muL mu+)
     2.71254325E-02    2     1000016       -15   # BR(chi_2+ -> ~nu_tauL tau+)
     6.34160425E-02    2     1000022        24   # BR(chi_2+ -> chi_10 W+)
     2.98133718E-01    2     1000023        24   # BR(chi_2+ -> chi_20 W+)
     2.38016460E-01    2     1000024        23   # BR(chi_2+ -> chi_1+ Z)
     1.72099488E-01    2     1000024        25   # BR(chi_2+ -> chi_1+ h0)
#    BR                NDA      ID1      ID2       ID3
     1.00395680E-04    3     1000022        -5         6   # BR(chi_2+ -> chi_10 b t)
     1.64180864E-04    3     1000024        -5         5   # BR(chi_2+ -> chi_1+ b b)
DECAY   1000022     0.00000000E+00   # chi_10
DECAY   1000023     2.37643488E-02   # chi_20
#    BR                NDA      ID1      ID2
     3.04494659E-02    2     2000011       -11   # BR(chi_20 -> ~e_R- e+)
     3.04494659E-02    2    -2000011        11   # BR(chi_20 -> ~e_R+ e-)
     3.17047619E-02    2     2000013       -13   # BR(chi_20 -> ~mu_R- mu+)
     3.17047619E-02    2    -2000013        13   # BR(chi_20 -> ~mu_R+ mu-)
     4.35781377E-01    2     1000015       -15   # BR(chi_20 -> ~tau_1- tau+)
     4.35781377E-01    2    -1000015        15   # BR(chi_20 -> ~tau_1+ tau-)
#    BR                NDA      ID1      ID2       ID3
     1.51270770E-04    3     1000022        -2         2   # BR(chi_20 -> chi_10 u u)
     1.51034897E-04    3     1000022        -4         4   # BR(chi_20 -> chi_10 c c)
     2.02878804E-04    3     1000022        -1         1   # BR(chi_20 -> chi_10 d d)
     2.02877929E-04    3     1000022        -3         3   # BR(chi_20 -> chi_10 s s)
     2.08177140E-04    3     1000022        -5         5   # BR(chi_20 -> chi_10 b b)
     2.41810649E-03    3     1000022       -12        16   # BR(chi_20 -> chi_10 nu_i nu_i)
     2.81931763E-04    3     1000022       -11        11   # BR(chi_20 -> chi_10 e+ e-)
     2.81731841E-04    3     1000022       -13        13   # BR(chi_20 -> chi_10 mu+ mu-)
     2.28616313E-04    3     1000022       -15        15   # BR(chi_20 -> chi_10 tau+ tau-)
DECAY   1000025     1.93605045E+00   # chi_30
#    BR                NDA      ID1      ID2
     1.27707883E-03    2     2000011       -11   # BR(chi_30 -> ~e_R- e+)
     1.27707883E-03    2    -2000011        11   # BR(chi_30 -> ~e_R+ e-)
     5.89559904E-04    2     1000011       -11   # BR(chi_30 -> ~e_L- e+)
     5.89559904E-04    2    -1000011        11   # BR(chi_30 -> ~e_L+ e-)
     1.28807669E-03    2     2000013       -13   # BR(chi_30 -> ~mu_R- mu+)
     1.28807669E-03    2    -2000013        13   # BR(chi_30 -> ~mu_R+ mu-)
     6.14701090E-04    2     1000013       -13   # BR(chi_30 -> ~mu_L- mu+)
     6.14701090E-04    2    -1000013        13   # BR(chi_30 -> ~mu_L+ mu-)
     5.29171579E-03    2     1000015       -15   # BR(chi_30 -> ~tau_1- tau+)
     5.29171579E-03    2    -1000015        15   # BR(chi_30 -> ~tau_1+ tau-)
     6.93519313E-03    2     2000015       -15   # BR(chi_30 -> ~tau_2- tau+)
     6.93519313E-03    2    -2000015        15   # BR(chi_30 -> ~tau_2+ tau-)
     3.27255143E-03    2     1000012       -12   # BR(chi_30 -> ~nu_eL nu_e^*)
     3.27255143E-03    2    -1000012        12   # BR(chi_30 -> ~nu_eL^* nu_e)
     3.27264084E-03    2     1000014       -14   # BR(chi_30 -> ~nu_muL nu_mu^*)
     3.27264084E-03    2    -1000014        14   # BR(chi_30 -> ~nu_muL^* nu_mu)
     3.29785914E-03    2     1000016       -16   # BR(chi_30 -> ~nu_tauL nu_tau^*)
     3.29785914E-03    2    -1000016        16   # BR(chi_30 -> ~nu_tauL^* nu_tau)
     2.94815967E-01    2     1000024       -24   # BR(chi_30 -> chi_1+ W-)
     2.94815967E-01    2    -1000024        24   # BR(chi_30 -> chi_1- W+)
     1.17618433E-01    2     1000022        23   # BR(chi_30 -> chi_10 Z)
     2.06690370E-01    2     1000023        23   # BR(chi_30 -> chi_20 Z)
     2.21195652E-02    2     1000022        25   # BR(chi_30 -> chi_10 h0)
     1.22397909E-02    2     1000023        25   # BR(chi_30 -> chi_20 h0)
DECAY   1000035     2.54022283E+00   # chi_40
#    BR                NDA      ID1      ID2
     4.04485333E-03    2     2000011       -11   # BR(chi_40 -> ~e_R- e+)
     4.04485333E-03    2    -2000011        11   # BR(chi_40 -> ~e_R+ e-)
     9.62021472E-03    2     1000011       -11   # BR(chi_40 -> ~e_L- e+)
     9.62021472E-03    2    -1000011        11   # BR(chi_40 -> ~e_L+ e-)
     4.03601936E-03    2     2000013       -13   # BR(chi_40 -> ~mu_R- mu+)
     4.03601936E-03    2    -2000013        13   # BR(chi_40 -> ~mu_R+ mu-)
     9.64910850E-03    2     1000013       -13   # BR(chi_40 -> ~mu_L- mu+)
     9.64910850E-03    2    -1000013        13   # BR(chi_40 -> ~mu_L+ mu-)
     2.78590417E-03    2     1000015       -15   # BR(chi_40 -> ~tau_1- tau+)
     2.78590417E-03    2    -1000015        15   # BR(chi_40 -> ~tau_1+ tau-)
     1.68530082E-02    2     2000015       -15   # BR(chi_40 -> ~tau_2- tau+)
     1.68530082E-02    2    -2000015        15   # BR(chi_40 -> ~tau_2+ tau-)
     2.57594097E-02    2     1000012       -12   # BR(chi_40 -> ~nu_eL nu_e^*)
     2.57594097E-02    2    -1000012        12   # BR(chi_40 -> ~nu_eL^* nu_e)
     2.57600305E-02    2     1000014       -14   # BR(chi_40 -> ~nu_muL nu_mu^*)
     2.57600305E-02    2    -1000014        14   # BR(chi_40 -> ~nu_muL^* nu_mu)
     2.59350711E-02    2     1000016       -16   # BR(chi_40 -> ~nu_tauL nu_tau^*)
     2.59350711E-02    2    -1000016        16   # BR(chi_40 -> ~nu_tauL^* nu_tau)
     2.44500519E-01    2     1000024       -24   # BR(chi_40 -> chi_1+ W-)
     2.44500519E-01    2    -1000024        24   # BR(chi_40 -> chi_1- W+)
     2.21677705E-02    2     1000022        23   # BR(chi_40 -> chi_10 Z)
     1.96520721E-02    2     1000023        23   # BR(chi_40 -> chi_20 Z)
     7.34180606E-02    2     1000022        25   # BR(chi_40 -> chi_10 h0)
     1.46823816E-01    2     1000023        25   # BR(chi_40 -> chi_20 h0)
DECAY   1000021     4.53085278E+00   # ~g
#    BR                NDA      ID1      ID2
     4.87472343E-02    2     2000002        -2   # BR(~g -> ~u_R u^*)
     4.87472343E-02    2    -2000002         2   # BR(~g -> ~u_R u)
     2.40717224E-02    2     1000002        -2   # BR(~g -> ~u_L u^*)
     2.40717224E-02    2    -1000002         2   # BR(~g -> ~u_L u)
     4.87067391E-02    2     2000004        -4   # BR(~g -> ~c_R c^*)
     4.87067391E-02    2    -2000004         4   # BR(~g -> ~c_R c)
     2.40859166E-02    2     1000004        -4   # BR(~g -> ~c_L c^*)
     2.40859166E-02    2    -1000004         4   # BR(~g -> ~c_L c)
     5.47850410E-02    2     1000006        -6   # BR(~g -> ~t_1 t^*)
     5.47850410E-02    2    -1000006         6   # BR(~g -> ~t_1 t)
     4.92217015E-02    2     2000001        -1   # BR(~g -> ~d_R d^*)
     4.92217015E-02    2    -2000001         1   # BR(~g -> ~d_R d)
     1.80038138E-02    2     1000001        -1   # BR(~g -> ~d_L d^*)
     1.80038138E-02    2    -1000001         1   # BR(~g -> ~d_L d)
     4.92267956E-02    2     2000003        -3   # BR(~g -> ~s_R s^*)
     4.92267956E-02    2    -2000003         3   # BR(~g -> ~s_R s)
     1.80046262E-02    2     1000003        -3   # BR(~g -> ~s_L s^*)
     1.80046262E-02    2    -1000003         3   # BR(~g -> ~s_L s)
     1.11150162E-01    2     1000005        -5   # BR(~g -> ~b_1 b^*)
     1.11150162E-01    2    -1000005         5   # BR(~g -> ~b_1 b)
     5.23144114E-02    2     2000005        -5   # BR(~g -> ~b_2 b^*)
     5.23144114E-02    2    -2000005         5   # BR(~g -> ~b_2 b)
     1.12708397E-03    2     1000006        -4   # BR(~g -> ~t_1 c^*)
     1.12708397E-03    2    -1000006         4   # BR(~g -> ~t_1 c)
#    BR                NDA      ID1      ID2       ID3
     1.51083873E-04    3     1000024         5        -6   # BR(~g -> chi_1+ b t)
     1.51083873E-04    3    -1000024        -5         6   # BR(~g -> chi_1- b t)
     2.80490824E-04    3     1000037         5        -6   # BR(~g -> chi_2+ b t)
     2.80490824E-04    3    -1000037        -5         6   # BR(~g -> chi_2- b t)
DECAY        25     2.24502087E-03   # h0        
#    BR                NDA      ID1      ID2
     4.53051247E-04    2         -13        13   # BR(h0 -> mu+ mu-)
     1.28005722E-01    2         -15        15   # BR(h0 -> tau+ tau-)
     4.18571434E-04    2          -3         3   # BR(h0 -> s s)
     7.49014290E-01    2          -5         5   # BR(h0 -> b b)
     3.71432100E-02    2          -4         4   # BR(h0 -> c c)
     3.47729405E-02    2          21        21   # BR(h0 -> g g)
     2.94894229E-03    2          22        22   # BR(h0 -> photon photon)
# writing decays into V V* as 3-body decays
#    BR                NDA      ID1      ID2       ID3
     2.24817536E-03    3          24        11       -12   # BR(h0 -> W+ W-* -> W+ e- nu_e)
     2.24817536E-03    3         -24       -11        12   # BR(h0 -> W- W+* -> W- e+ nu_e)
     2.24817536E-03    3          24        13       -14   # BR(h0 -> W+ W-* -> W+ mu- nu_mu)
     2.24817536E-03    3         -24       -13        14   # BR(h0 -> W- W+* -> W- mu+ nu_mu)
     2.24817536E-03    3          24        15       -16   # BR(h0 -> W+ W-* -> W+ tau- nu_tau)
     2.24817536E-03    3         -24       -15        16   # BR(h0 -> W- W+* -> W- tau+ nu_tau)
     7.46484589E-03    3          24        -2         1   # BR(h0 -> W+ W-* -> W+ u d)
     7.46484589E-03    3         -24         2        -1   # BR(h0 -> W- W+* -> W- u d)
     4.03485257E-04    3          24        -4         1   # BR(h0 -> W+ W-* -> W+ c d)
     4.03485257E-04    3         -24         4        -1   # BR(h0 -> W- W+* -> W- c d)
     4.03672708E-04    3          24        -2         3   # BR(h0 -> W+ W-* -> W+ u s)
     4.03672708E-04    3         -24         2        -3   # BR(h0 -> W- W+* -> W- u s)
     7.45164158E-03    3          24        -4         3   # BR(h0 -> W+ W-* -> W+ c s)
     7.45164158E-03    3         -24         4        -3   # BR(h0 -> W- W+* -> W- c s)
     9.51594621E-08    3          24        -2         5   # BR(h0 -> W+ W-* -> W+ u b)
     9.51594621E-08    3         -24         2        -5   # BR(h0 -> W- W+* -> W- u b)
     1.34869228E-05    3          24        -4         5   # BR(h0 -> W+ W-* -> W+ c b)
     1.34869228E-05    3         -24         4        -5   # BR(h0 -> W- W+* -> W- c b)
     4.55619667E-04    3          23        12       -12   # BR(h0 -> Z0 nu_i nu_i)
     7.97334417E-05    3          23        11       -11   # BR(h0 -> Z0 e- e+)
     7.97334417E-05    3          23        13       -13   # BR(h0 -> Z0 mu- mu+)
     6.83429501E-05    3          23        15       -15   # BR(h0 -> Z0 tau- tau+)
     3.18933767E-04    3          23         1        -1   # BR(h0 -> Z0 d d)
     3.18933767E-04    3          23         3        -3   # BR(h0 -> Z0 s s)
     3.18933767E-04    3          23         5        -5   # BR(h0 -> Z0 b b)
     3.18933767E-04    3          23         2        -2   # BR(h0 -> Z0 u u)
     3.18933767E-04    3          23         4        -4   # BR(h0 -> Z0 c c)
DECAY        35     7.68017973E-01   # H0        
#    BR                NDA      ID1      ID2
     3.84600417E-04    2         -13        13   # BR(H0 -> mu+ mu-)
     1.08822742E-01    2         -15        15   # BR(H0 -> tau+ tau-)
     3.59833229E-04    2          -3         3   # BR(H0 -> s s)
     6.46245834E-01    2          -5         5   # BR(H0 -> b b)
     6.13760440E-02    2          -6         6   # BR(H0 -> t t)
     4.86651809E-04    2    -2000011   2000011   # BR(H0 -> ~e_R+ ~e_R-)
     4.97733502E-04    2    -2000013   2000013   # BR(H0 -> ~mu_R+ ~mu_R-)
     6.51715731E-03    2    -1000015   1000015   # BR(H0 -> ~tau_1+ ~tau_1-)
     5.29497949E-03    2    -1000015   2000015   # BR(H0 -> ~tau_1+ ~tau_2-)
     5.29497949E-03    2     1000015  -2000015   # BR(H0 -> ~tau_1- ~tau_2+)
     1.07327637E-03    2    -1000012   1000012   # BR(H0 -> ~nu_eL ~nu_eL)
     1.07342420E-03    2    -1000014   1000014   # BR(H0 -> ~nu_muL ~nu_muL)
     1.11425550E-03    2    -1000016   1000016   # BR(H0 -> ~nu_tauL ~nu_tauL)
     2.20219338E-02    2     1000022   1000022   # BR(H0 -> chi_10 chi_10)
     6.10239006E-02    2     1000022   1000023   # BR(H0 -> chi_10 chi_20)
     1.54741673E-02    2     1000023   1000023   # BR(H0 -> chi_20 chi_20)
     4.34567093E-02    2    -1000024   1000024   # BR(H0 -> chi_1- chi_1+)
     2.18901941E-03    2          23        23   # BR(H0 -> Z0 Z0)
     4.49197430E-03    2          24       -24   # BR(H0 -> W- W+)
     1.21232705E-02    2          25        25   # BR(H0 -> h0 h0)
     6.17580701E-04    2          21        21   # BR(H0 -> g g)
DECAY        36     1.19136002E+00   # A0        
#    BR                NDA      ID1      ID2
     2.48309910E-04    2         -13        13   # BR(A0 -> mu+ mu-)
     7.02649128E-02    2         -15        15   # BR(A0 -> tau+ tau-)
     2.32317027E-04    2          -3         3   # BR(A0 -> s s)
     4.17278696E-01    2          -5         5   # BR(A0 -> b b)
     1.15539713E-01    2          -6         6   # BR(A0 -> t t)
     5.13126816E-03    2    -1000015   2000015   # BR(A0 -> ~tau_1+ ~tau_2-)
     5.13126816E-03    2     1000015  -2000015   # BR(A0 -> ~tau_1- ~tau_2+)
     2.18352613E-02    2     1000022   1000022   # BR(A0 -> chi_10 chi_10)
     9.01978452E-02    2     1000022   1000023   # BR(A0 -> chi_10 chi_20)
     7.32951097E-02    2     1000023   1000023   # BR(A0 -> chi_20 chi_20)
     1.99335767E-01    2    -1000024   1000024   # BR(A0 -> chi_1- chi_1+)
     1.47093172E-03    2          23        25   # BR(A0 -> Z0 h0)
DECAY       -37     6.64789149E-01   # H-        
#    BR                NDA      ID1      ID2
     4.54514605E-04    2          13       -14   # BR(H- -> nu_mu mu-)
     1.28615414E-01    2          15       -16   # BR(H- -> nu_tau tau-)
     3.76833779E-04    2           3        -4   # BR(H- -> c s)
     6.24449111E-01    2           5        -6   # BR(H- -> t b)
     1.02557910E-03    2     1000011  -1000012   # BR(H- -> ~e_L- ~nu_eL)
     1.01662114E-03    2     1000013  -1000014   # BR(H- -> ~mu_L- ~nu_muL)
     2.39072961E-02    2     1000015  -1000016   # BR(H- -> ~tau_1- ~nu_tauL)
     2.14779157E-01    2    -1000024   1000022   # BR(H- -> chi_1- chi_10)
     2.34460897E-03    2    -1000024   1000023   # BR(H- -> chi_1- chi_20)
     2.93866271E-03    2         -24        25   # BR(H- ->  W- h0)
Block SPhenoLowEnergy  # low energy observables
    1    3.32857219E-04   # BR(b -> s gamma)
    2    1.84379926E-06   # BR(b -> s mu+ mu-)
    3    4.60962315E-05   # BR(b -> s nu nu)
    4    5.29498543E-09   # BR(Bs -> mu+ mu-)
    5    9.79889445E-05   # BR(B_u -> tau nu)
    6    2.72133113E-01   # |Delta(M_Bd)| [ps^-1] 
    7    1.87991549E+01   # |Delta(M_Bs)| [ps^-1] 
   10    5.39336986E-14   # Delta(g-2)_electron
   11    2.67489730E-09   # Delta(g-2)_muon
   12    6.01527330E-07   # Delta(g-2)_tau
   13    0.00000000E+00   # electric dipole moment of the electron
   14    0.00000000E+00   # electric dipole moment of the muon
   15    0.00000000E+00   # electric dipole moment of the tau
   16    0.00000000E+00   # Br(mu -> e gamma)
   17    0.00000000E+00   # Br(tau -> e gamma)
   18    0.00000000E+00   # Br(tau -> mu gamma)
   19    0.00000000E+00   # Br(mu -> 3 e)
   20    0.00000000E+00   # Br(tau -> 3 e)
   21    0.00000000E+00   # Br(tau -> 3 mu)
   30    3.24997944E-04   # Delta(rho_parameter)
   40    0.00000000E+00   # BR(Z -> e mu)
   41    0.00000000E+00   # BR(Z -> e tau)
   42    0.00000000E+00   # BR(Z -> mu tau)
